-- The C compiler identification is GNU 11.4.0
-- The CXX compiler identification is GNU 11.4.0
-- Detecting C compiler ABI info
-- Detecting C compiler ABI info - done
-- Check for working C compiler: /usr/bin/cc - skipped
-- Detecting C compile features
-- Detecting C compile features - done
-- Detecting CXX compiler ABI info
-- Detecting CXX compiler ABI info - done
-- Check for working CXX compiler: /usr/bin/c++ - skipped
-- Detecting CXX compile features
-- Detecting CXX compile features - done
-- Found ament_cmake: 1.3.11 (/opt/ros/humble/share/ament_cmake/cmake)
-- Found Python3: /usr/bin/python3 (found version "3.10.12") found components: Interpreter 
-- Found geometry_msgs: 4.2.4 (/opt/ros/humble/share/geometry_msgs/cmake)
-- Found rosidl_generator_c: 3.1.6 (/opt/ros/humble/share/rosidl_generator_c/cmake)
-- Found rosidl_adapter: 3.1.6 (/opt/ros/humble/share/rosidl_adapter/cmake)
-- Found rosidl_generator_cpp: 3.1.6 (/opt/ros/humble/share/rosidl_generator_cpp/cmake)
-- Using all available rosidl_typesupport_c: rosidl_typesupport_fastrtps_c;rosidl_typesupport_introspection_c
-- Using all available rosidl_typesupport_cpp: rosidl_typesupport_fastrtps_cpp;rosidl_typesupport_introspection_cpp
-- Found tf2_ros: 0.25.12 (/opt/ros/humble/share/tf2_ros/cmake)
-- Found rmw_implementation_cmake: 6.1.2 (/opt/ros/humble/share/rmw_implementation_cmake/cmake)
-- Found rmw_fastrtps_cpp: 6.2.7 (/opt/ros/humble/share/rmw_fastrtps_cpp/cmake)
-- Found OpenSSL: /usr/lib/x86_64-linux-gnu/libcrypto.so (found version "3.0.2")  
-- Found FastRTPS: /opt/ros/humble/include  
-- Using RMW implementation 'rmw_fastrtps_cpp' as default
-- Looking for pthread.h
-- Looking for pthread.h - found
-- Performing Test CMAKE_HAVE_LIBC_PTHREAD
-- Performing Test CMAKE_HAVE_LIBC_PTHREAD - Success
-- Found Threads: TRUE  
-- Found robot_msgs: 0.0.0 (/home/kareem/ros2_ws/src/install/robot_msgs/share/robot_msgs/cmake)
-- Found ament_lint_auto: 0.12.11 (/opt/ros/humble/share/ament_lint_auto/cmake)
-- Added test 'cppcheck' to perform static code analysis on C / C++ code
-- Configured cppcheck include dirs: /home/kareem/ros2_ws/src/robot_tools_cpp/include
-- Configured cppcheck exclude dirs and/or files: 
-- Added test 'lint_cmake' to check CMake code style
-- Added test 'uncrustify' to check C / C++ code style
-- Configured uncrustify additional arguments: 
-- Added test 'xmllint' to check XML markup files
-- Configuring done
-- Generating done
-- Build files have been written to: /home/kareem/ros2_ws/src/build/robot_tools_cpp
[ 50%] [32mBuilding CXX object CMakeFiles/simple_tf_kinematics.dir/src/simple_tf_kinematics.cpp.o[0m
[100%] [32m[1mLinking CXX executable simple_tf_kinematics[0m
[100%] Built target simple_tf_kinematics
-- Install configuration: ""
-- Installing: /home/kareem/ros2_ws/src/install/robot_tools_cpp/include/include
-- Installing: /home/kareem/ros2_ws/src/install/robot_tools_cpp/include/include/robot_tools_cpp
-- Installing: /home/kareem/ros2_ws/src/install/robot_tools_cpp/include/include/robot_tools_cpp/simple_tf_kinematics.hpp
-- Installing: /home/kareem/ros2_ws/src/install/robot_tools_cpp/lib/robot_tools_cpp/simple_tf_kinematics
-- Set runtime path of "/home/kareem/ros2_ws/src/install/robot_tools_cpp/lib/robot_tools_cpp/simple_tf_kinematics" to ""
-- Installing: /home/kareem/ros2_ws/src/install/robot_tools_cpp/share/ament_index/resource_index/package_run_dependencies/robot_tools_cpp
-- Installing: /home/kareem/ros2_ws/src/install/robot_tools_cpp/share/ament_index/resource_index/parent_prefix_path/robot_tools_cpp
-- Installing: /home/kareem/ros2_ws/src/install/robot_tools_cpp/share/robot_tools_cpp/environment/ament_prefix_path.sh
-- Installing: /home/kareem/ros2_ws/src/install/robot_tools_cpp/share/robot_tools_cpp/environment/ament_prefix_path.dsv
-- Installing: /home/kareem/ros2_ws/src/install/robot_tools_cpp/share/robot_tools_cpp/environment/path.sh
-- Installing: /home/kareem/ros2_ws/src/install/robot_tools_cpp/share/robot_tools_cpp/environment/path.dsv
-- Installing: /home/kareem/ros2_ws/src/install/robot_tools_cpp/share/robot_tools_cpp/local_setup.bash
-- Installing: /home/kareem/ros2_ws/src/install/robot_tools_cpp/share/robot_tools_cpp/local_setup.sh
-- Installing: /home/kareem/ros2_ws/src/install/robot_tools_cpp/share/robot_tools_cpp/local_setup.zsh
-- Installing: /home/kareem/ros2_ws/src/install/robot_tools_cpp/share/robot_tools_cpp/local_setup.dsv
-- Installing: /home/kareem/ros2_ws/src/install/robot_tools_cpp/share/robot_tools_cpp/package.dsv
-- Installing: /home/kareem/ros2_ws/src/install/robot_tools_cpp/share/ament_index/resource_index/packages/robot_tools_cpp
-- Installing: /home/kareem/ros2_ws/src/install/robot_tools_cpp/share/robot_tools_cpp/cmake/robot_tools_cppConfig.cmake
-- Installing: /home/kareem/ros2_ws/src/install/robot_tools_cpp/share/robot_tools_cpp/cmake/robot_tools_cppConfig-version.cmake
-- Installing: /home/kareem/ros2_ws/src/install/robot_tools_cpp/share/robot_tools_cpp/package.xml
