[0.044s] Invoking command in '/home/kareem/ros2_ws/src/build/robot_msgs': CMAKE_PREFIX_PATH=${CMAKE_PREFIX_PATH}:/opt/ros/humble /usr/bin/cmake /home/kareem/ros2_ws/src/robot_msgs -DCMAKE_INSTALL_PREFIX=/home/kareem/ros2_ws/src/install/robot_msgs
[0.340s] -- The C compiler identification is GNU 11.4.0
[0.568s] -- The CXX compiler identification is GNU 11.4.0
[0.594s] -- Detecting C compiler ABI info
[0.792s] -- Detecting C compiler ABI info - done
[0.806s] -- Check for working C compiler: /usr/bin/cc - skipped
[0.807s] -- Detecting C compile features
[0.807s] -- Detecting C compile features - done
[0.818s] -- Detecting CXX compiler ABI info
[1.147s] -- Detecting CXX compiler ABI info - done
[1.161s] -- Check for working CXX compiler: /usr/bin/c++ - skipped
[1.161s] -- Detecting CXX compile features
[1.162s] -- Detecting CXX compile features - done
[1.186s] -- Found ament_cmake: 1.3.11 (/opt/ros/humble/share/ament_cmake/cmake)
[1.565s] -- Found Python3: /usr/bin/python3 (found version "3.10.12") found components: Interpreter 
[1.872s] -- Found geometry_msgs: 4.2.4 (/opt/ros/humble/share/geometry_msgs/cmake)
[2.030s] -- Found rosidl_generator_c: 3.1.6 (/opt/ros/humble/share/rosidl_generator_c/cmake)
[2.056s] -- Found rosidl_adapter: 3.1.6 (/opt/ros/humble/share/rosidl_adapter/cmake)
[2.088s] -- Found rosidl_generator_cpp: 3.1.6 (/opt/ros/humble/share/rosidl_generator_cpp/cmake)
[2.137s] -- Using all available rosidl_typesupport_c: rosidl_typesupport_fastrtps_c;rosidl_typesupport_introspection_c
[2.190s] -- Using all available rosidl_typesupport_cpp: rosidl_typesupport_fastrtps_cpp;rosidl_typesupport_introspection_cpp
[2.351s] -- Found rosidl_default_generators: 1.2.0 (/opt/ros/humble/share/rosidl_default_generators/cmake)
[3.035s] -- Found ament_cmake_ros: 0.10.0 (/opt/ros/humble/share/ament_cmake_ros/cmake)
[3.975s] -- Using all available rosidl_typesupport_c: rosidl_typesupport_fastrtps_c;rosidl_typesupport_introspection_c
[4.363s] -- Using all available rosidl_typesupport_cpp: rosidl_typesupport_fastrtps_cpp;rosidl_typesupport_introspection_cpp
[4.415s] -- Found PythonInterp: /usr/bin/python3 (found suitable version "3.10.12", minimum required is "3.6") 
[4.421s] -- Found python_cmake_module: 0.10.0 (/opt/ros/humble/share/python_cmake_module/cmake)
[4.475s] -- Found PythonLibs: /usr/lib/x86_64-linux-gnu/libpython3.10.so (found suitable version "3.10.12", minimum required is "3.5") 
[4.475s] -- Using PYTHON_EXECUTABLE: /usr/bin/python3
[4.476s] -- Using PYTHON_INCLUDE_DIRS: /usr/include/python3.10
[4.476s] -- Using PYTHON_LIBRARIES: /usr/lib/x86_64-linux-gnu/libpython3.10.so
[4.526s] -- Found PythonExtra: .so  
[4.677s] -- Found ament_lint_auto: 0.12.11 (/opt/ros/humble/share/ament_lint_auto/cmake)
[4.765s] -- Added test 'lint_cmake' to check CMake code style
[4.769s] -- Added test 'xmllint' to check XML markup files
[4.781s] -- Configuring done
[4.891s] -- Generating done
[4.922s] -- Build files have been written to: /home/kareem/ros2_ws/src/build/robot_msgs
[4.946s] Invoked command in '/home/kareem/ros2_ws/src/build/robot_msgs' returned '0': CMAKE_PREFIX_PATH=${CMAKE_PREFIX_PATH}:/opt/ros/humble /usr/bin/cmake /home/kareem/ros2_ws/src/robot_msgs -DCMAKE_INSTALL_PREFIX=/home/kareem/ros2_ws/src/install/robot_msgs
[4.949s] Invoking command in '/home/kareem/ros2_ws/src/build/robot_msgs': CMAKE_PREFIX_PATH=${CMAKE_PREFIX_PATH}:/opt/ros/humble /usr/bin/cmake --build /home/kareem/ros2_ws/src/build/robot_msgs -- -j16 -l16
[5.047s] [  3%] [34m[1mGenerating C code for ROS interfaces[0m
[5.072s] [  6%] [34m[1mGenerating C++ code for ROS interfaces[0m
[5.105s] [  6%] Built target ament_cmake_python_copy_robot_msgs
[5.774s] running egg_info
[5.777s] creating robot_msgs.egg-info
[5.778s] writing robot_msgs.egg-info/PKG-INFO
[5.778s] writing dependency_links to robot_msgs.egg-info/dependency_links.txt
[5.778s] writing top-level names to robot_msgs.egg-info/top_level.txt
[5.778s] writing manifest file 'robot_msgs.egg-info/SOURCES.txt'
[5.785s] reading manifest file 'robot_msgs.egg-info/SOURCES.txt'
[5.786s] writing manifest file 'robot_msgs.egg-info/SOURCES.txt'
[5.830s] [  9%] [32mBuilding C object CMakeFiles/robot_msgs__rosidl_generator_c.dir/rosidl_generator_c/robot_msgs/srv/detail/get_transform__functions.c.o[0m
[5.859s] [  9%] Built target ament_cmake_python_build_robot_msgs_egg
[5.880s] [  9%] Built target robot_msgs__cpp
[5.907s] [ 16%] [34m[1mGenerating C++ type support for eProsima Fast-RTPS[0m
[5.907s] [ 16%] [34m[1mGenerating C++ type support dispatch for ROS interfaces[0m
[5.908s] [ 19%] [34m[1mGenerating C++ introspection for ROS interfaces[0m
[5.992s] [ 22%] [32m[1mLinking C shared library librobot_msgs__rosidl_generator_c.so[0m
[6.098s] [ 22%] Built target robot_msgs__rosidl_generator_c
[6.134s] [ 25%] [34m[1mGenerating C introspection for ROS interfaces[0m
[6.134s] [ 29%] [34m[1mGenerating C type support dispatch for ROS interfaces[0m
[6.138s] [ 32%] [34m[1mGenerating C type support for eProsima Fast-RTPS[0m
[6.547s] [ 35%] [32mBuilding CXX object CMakeFiles/robot_msgs__rosidl_typesupport_cpp.dir/rosidl_typesupport_cpp/robot_msgs/srv/get_transform__type_support.cpp.o[0m
[6.682s] [ 38%] [32mBuilding CXX object CMakeFiles/robot_msgs__rosidl_typesupport_introspection_cpp.dir/rosidl_typesupport_introspection_cpp/robot_msgs/srv/detail/get_transform__type_support.cpp.o[0m
[6.695s] [ 41%] [32mBuilding CXX object CMakeFiles/robot_msgs__rosidl_typesupport_fastrtps_cpp.dir/rosidl_typesupport_fastrtps_cpp/robot_msgs/srv/detail/dds_fastrtps/get_transform__type_support.cpp.o[0m
[6.761s] [ 45%] [32mBuilding CXX object CMakeFiles/robot_msgs__rosidl_typesupport_c.dir/rosidl_typesupport_c/robot_msgs/srv/get_transform__type_support.cpp.o[0m
[6.876s] [ 48%] [32m[1mLinking CXX shared library librobot_msgs__rosidl_typesupport_c.so[0m
[6.882s] [ 51%] [32mBuilding C object CMakeFiles/robot_msgs__rosidl_typesupport_introspection_c.dir/rosidl_typesupport_introspection_c/robot_msgs/srv/detail/get_transform__type_support.c.o[0m
[6.901s] [ 54%] [32mBuilding CXX object CMakeFiles/robot_msgs__rosidl_typesupport_fastrtps_c.dir/rosidl_typesupport_fastrtps_c/robot_msgs/srv/detail/get_transform__type_support_c.cpp.o[0m
[6.999s] [ 58%] [32m[1mLinking C shared library librobot_msgs__rosidl_typesupport_introspection_c.so[0m
[7.008s] [ 58%] Built target robot_msgs__rosidl_typesupport_c
[7.090s] [ 58%] Built target robot_msgs__rosidl_typesupport_introspection_c
[7.364s] [ 61%] [32m[1mLinking CXX shared library librobot_msgs__rosidl_typesupport_cpp.so[0m
[7.471s] [ 61%] Built target robot_msgs__rosidl_typesupport_cpp
[7.818s] [ 64%] [32m[1mLinking CXX shared library librobot_msgs__rosidl_typesupport_fastrtps_cpp.so[0m
[7.821s] [ 67%] [32m[1mLinking CXX shared library librobot_msgs__rosidl_typesupport_introspection_cpp.so[0m
[7.865s] [ 70%] [32m[1mLinking CXX shared library librobot_msgs__rosidl_typesupport_fastrtps_c.so[0m
[7.994s] [ 70%] Built target robot_msgs__rosidl_typesupport_introspection_cpp
[8.034s] [ 70%] Built target robot_msgs__rosidl_typesupport_fastrtps_cpp
[8.057s] [ 70%] Built target robot_msgs__rosidl_typesupport_fastrtps_c
[8.121s] [ 70%] Built target robot_msgs
[8.175s] [ 74%] [34m[1mGenerating Python code for ROS interfaces[0m
[9.080s] [ 74%] Built target robot_msgs__py
[9.127s] [ 77%] [32mBuilding C object CMakeFiles/robot_msgs__rosidl_generator_py.dir/rosidl_generator_py/robot_msgs/srv/_get_transform_s.c.o[0m
[9.451s] [ 80%] [32m[1mLinking C shared library rosidl_generator_py/robot_msgs/librobot_msgs__rosidl_generator_py.so[0m
[9.563s] [ 80%] Built target robot_msgs__rosidl_generator_py
[9.636s] [ 87%] [32mBuilding C object CMakeFiles/robot_msgs__rosidl_typesupport_fastrtps_c__pyext.dir/rosidl_generator_py/robot_msgs/_robot_msgs_s.ep.rosidl_typesupport_fastrtps_c.c.o[0m
[9.637s] [ 87%] [32mBuilding C object CMakeFiles/robot_msgs__rosidl_typesupport_introspection_c__pyext.dir/rosidl_generator_py/robot_msgs/_robot_msgs_s.ep.rosidl_typesupport_introspection_c.c.o[0m
[9.645s] [ 90%] [32mBuilding C object CMakeFiles/robot_msgs__rosidl_typesupport_c__pyext.dir/rosidl_generator_py/robot_msgs/_robot_msgs_s.ep.rosidl_typesupport_c.c.o[0m
[9.911s] [ 96%] [32m[1mLinking C shared library rosidl_generator_py/robot_msgs/robot_msgs_s__rosidl_typesupport_c.cpython-310-x86_64-linux-gnu.so[0m
[9.911s] [ 96%] [32m[1mLinking C shared library rosidl_generator_py/robot_msgs/robot_msgs_s__rosidl_typesupport_fastrtps_c.cpython-310-x86_64-linux-gnu.so[0m
[9.919s] [100%] [32m[1mLinking C shared library rosidl_generator_py/robot_msgs/robot_msgs_s__rosidl_typesupport_introspection_c.cpython-310-x86_64-linux-gnu.so[0m
[10.011s] [100%] Built target robot_msgs__rosidl_typesupport_c__pyext
[10.011s] [100%] Built target robot_msgs__rosidl_typesupport_fastrtps_c__pyext
[10.027s] [100%] Built target robot_msgs__rosidl_typesupport_introspection_c__pyext
[10.056s] Invoked command in '/home/kareem/ros2_ws/src/build/robot_msgs' returned '0': CMAKE_PREFIX_PATH=${CMAKE_PREFIX_PATH}:/opt/ros/humble /usr/bin/cmake --build /home/kareem/ros2_ws/src/build/robot_msgs -- -j16 -l16
[10.061s] Invoking command in '/home/kareem/ros2_ws/src/build/robot_msgs': CMAKE_PREFIX_PATH=${CMAKE_PREFIX_PATH}:/opt/ros/humble /usr/bin/cmake --install /home/kareem/ros2_ws/src/build/robot_msgs
[10.080s] -- Install configuration: ""
[10.080s] -- Installing: /home/kareem/ros2_ws/src/install/robot_msgs/share/ament_index/resource_index/rosidl_interfaces/robot_msgs
[10.081s] -- Installing: /home/kareem/ros2_ws/src/install/robot_msgs/include/robot_msgs/robot_msgs
[10.081s] -- Installing: /home/kareem/ros2_ws/src/install/robot_msgs/include/robot_msgs/robot_msgs/msg
[10.081s] -- Installing: /home/kareem/ros2_ws/src/install/robot_msgs/include/robot_msgs/robot_msgs/msg/rosidl_generator_c__visibility_control.h
[10.082s] -- Installing: /home/kareem/ros2_ws/src/install/robot_msgs/include/robot_msgs/robot_msgs/srv
[10.082s] -- Installing: /home/kareem/ros2_ws/src/install/robot_msgs/include/robot_msgs/robot_msgs/srv/detail
[10.082s] -- Installing: /home/kareem/ros2_ws/src/install/robot_msgs/include/robot_msgs/robot_msgs/srv/detail/get_transform__functions.h
[10.082s] -- Installing: /home/kareem/ros2_ws/src/install/robot_msgs/include/robot_msgs/robot_msgs/srv/detail/get_transform__type_support.h
[10.083s] -- Installing: /home/kareem/ros2_ws/src/install/robot_msgs/include/robot_msgs/robot_msgs/srv/detail/get_transform__functions.c
[10.083s] -- Installing: /home/kareem/ros2_ws/src/install/robot_msgs/include/robot_msgs/robot_msgs/srv/detail/get_transform__struct.h
[10.083s] -- Installing: /home/kareem/ros2_ws/src/install/robot_msgs/include/robot_msgs/robot_msgs/srv/get_transform.h
[10.084s] -- Installing: /home/kareem/ros2_ws/src/install/robot_msgs/share/robot_msgs/environment/library_path.sh
[10.084s] -- Installing: /home/kareem/ros2_ws/src/install/robot_msgs/share/robot_msgs/environment/library_path.dsv
[10.085s] -- Installing: /home/kareem/ros2_ws/src/install/robot_msgs/lib/librobot_msgs__rosidl_generator_c.so
[10.086s] -- Set runtime path of "/home/kareem/ros2_ws/src/install/robot_msgs/lib/librobot_msgs__rosidl_generator_c.so" to ""
[10.086s] -- Up-to-date: /home/kareem/ros2_ws/src/install/robot_msgs/include/robot_msgs/robot_msgs
[10.086s] -- Up-to-date: /home/kareem/ros2_ws/src/install/robot_msgs/include/robot_msgs/robot_msgs/msg
[10.087s] -- Installing: /home/kareem/ros2_ws/src/install/robot_msgs/include/robot_msgs/robot_msgs/msg/rosidl_typesupport_fastrtps_c__visibility_control.h
[10.087s] -- Up-to-date: /home/kareem/ros2_ws/src/install/robot_msgs/include/robot_msgs/robot_msgs/srv
[10.087s] -- Up-to-date: /home/kareem/ros2_ws/src/install/robot_msgs/include/robot_msgs/robot_msgs/srv/detail
[10.087s] -- Installing: /home/kareem/ros2_ws/src/install/robot_msgs/include/robot_msgs/robot_msgs/srv/detail/get_transform__rosidl_typesupport_fastrtps_c.h
[10.088s] -- Installing: /home/kareem/ros2_ws/src/install/robot_msgs/lib/librobot_msgs__rosidl_typesupport_fastrtps_c.so
[10.093s] -- Set runtime path of "/home/kareem/ros2_ws/src/install/robot_msgs/lib/librobot_msgs__rosidl_typesupport_fastrtps_c.so" to ""
[10.093s] -- Up-to-date: /home/kareem/ros2_ws/src/install/robot_msgs/include/robot_msgs/robot_msgs
[10.096s] -- Up-to-date: /home/kareem/ros2_ws/src/install/robot_msgs/include/robot_msgs/robot_msgs/msg
[10.097s] -- Installing: /home/kareem/ros2_ws/src/install/robot_msgs/include/robot_msgs/robot_msgs/msg/rosidl_generator_cpp__visibility_control.hpp
[10.097s] -- Up-to-date: /home/kareem/ros2_ws/src/install/robot_msgs/include/robot_msgs/robot_msgs/srv
[10.098s] -- Up-to-date: /home/kareem/ros2_ws/src/install/robot_msgs/include/robot_msgs/robot_msgs/srv/detail
[10.098s] -- Installing: /home/kareem/ros2_ws/src/install/robot_msgs/include/robot_msgs/robot_msgs/srv/detail/get_transform__type_support.hpp
[10.098s] -- Installing: /home/kareem/ros2_ws/src/install/robot_msgs/include/robot_msgs/robot_msgs/srv/detail/get_transform__builder.hpp
[10.098s] -- Installing: /home/kareem/ros2_ws/src/install/robot_msgs/include/robot_msgs/robot_msgs/srv/detail/get_transform__struct.hpp
[10.098s] -- Installing: /home/kareem/ros2_ws/src/install/robot_msgs/include/robot_msgs/robot_msgs/srv/detail/get_transform__traits.hpp
[10.099s] -- Installing: /home/kareem/ros2_ws/src/install/robot_msgs/include/robot_msgs/robot_msgs/srv/get_transform.hpp
[10.099s] -- Up-to-date: /home/kareem/ros2_ws/src/install/robot_msgs/include/robot_msgs/robot_msgs
[10.099s] -- Up-to-date: /home/kareem/ros2_ws/src/install/robot_msgs/include/robot_msgs/robot_msgs/msg
[10.099s] -- Installing: /home/kareem/ros2_ws/src/install/robot_msgs/include/robot_msgs/robot_msgs/msg/rosidl_typesupport_fastrtps_cpp__visibility_control.h
[10.099s] -- Up-to-date: /home/kareem/ros2_ws/src/install/robot_msgs/include/robot_msgs/robot_msgs/srv
[10.099s] -- Up-to-date: /home/kareem/ros2_ws/src/install/robot_msgs/include/robot_msgs/robot_msgs/srv/detail
[10.099s] -- Installing: /home/kareem/ros2_ws/src/install/robot_msgs/include/robot_msgs/robot_msgs/srv/detail/dds_fastrtps
[10.100s] -- Installing: /home/kareem/ros2_ws/src/install/robot_msgs/include/robot_msgs/robot_msgs/srv/detail/get_transform__rosidl_typesupport_fastrtps_cpp.hpp
[10.100s] -- Installing: /home/kareem/ros2_ws/src/install/robot_msgs/lib/librobot_msgs__rosidl_typesupport_fastrtps_cpp.so
[10.100s] -- Set runtime path of "/home/kareem/ros2_ws/src/install/robot_msgs/lib/librobot_msgs__rosidl_typesupport_fastrtps_cpp.so" to ""
[10.100s] -- Up-to-date: /home/kareem/ros2_ws/src/install/robot_msgs/include/robot_msgs/robot_msgs
[10.101s] -- Up-to-date: /home/kareem/ros2_ws/src/install/robot_msgs/include/robot_msgs/robot_msgs/msg
[10.101s] -- Installing: /home/kareem/ros2_ws/src/install/robot_msgs/include/robot_msgs/robot_msgs/msg/rosidl_typesupport_introspection_c__visibility_control.h
[10.101s] -- Up-to-date: /home/kareem/ros2_ws/src/install/robot_msgs/include/robot_msgs/robot_msgs/srv
[10.101s] -- Up-to-date: /home/kareem/ros2_ws/src/install/robot_msgs/include/robot_msgs/robot_msgs/srv/detail
[10.101s] -- Installing: /home/kareem/ros2_ws/src/install/robot_msgs/include/robot_msgs/robot_msgs/srv/detail/get_transform__type_support.c
[10.102s] -- Installing: /home/kareem/ros2_ws/src/install/robot_msgs/include/robot_msgs/robot_msgs/srv/detail/get_transform__rosidl_typesupport_introspection_c.h
[10.102s] -- Installing: /home/kareem/ros2_ws/src/install/robot_msgs/lib/librobot_msgs__rosidl_typesupport_introspection_c.so
[10.102s] -- Set runtime path of "/home/kareem/ros2_ws/src/install/robot_msgs/lib/librobot_msgs__rosidl_typesupport_introspection_c.so" to ""
[10.103s] -- Installing: /home/kareem/ros2_ws/src/install/robot_msgs/lib/librobot_msgs__rosidl_typesupport_c.so
[10.103s] -- Set runtime path of "/home/kareem/ros2_ws/src/install/robot_msgs/lib/librobot_msgs__rosidl_typesupport_c.so" to ""
[10.103s] -- Up-to-date: /home/kareem/ros2_ws/src/install/robot_msgs/include/robot_msgs/robot_msgs
[10.103s] -- Up-to-date: /home/kareem/ros2_ws/src/install/robot_msgs/include/robot_msgs/robot_msgs/srv
[10.103s] -- Up-to-date: /home/kareem/ros2_ws/src/install/robot_msgs/include/robot_msgs/robot_msgs/srv/detail
[10.103s] -- Installing: /home/kareem/ros2_ws/src/install/robot_msgs/include/robot_msgs/robot_msgs/srv/detail/get_transform__rosidl_typesupport_introspection_cpp.hpp
[10.103s] -- Installing: /home/kareem/ros2_ws/src/install/robot_msgs/include/robot_msgs/robot_msgs/srv/detail/get_transform__type_support.cpp
[10.104s] -- Installing: /home/kareem/ros2_ws/src/install/robot_msgs/lib/librobot_msgs__rosidl_typesupport_introspection_cpp.so
[10.105s] -- Set runtime path of "/home/kareem/ros2_ws/src/install/robot_msgs/lib/librobot_msgs__rosidl_typesupport_introspection_cpp.so" to ""
[10.105s] -- Installing: /home/kareem/ros2_ws/src/install/robot_msgs/lib/librobot_msgs__rosidl_typesupport_cpp.so
[10.106s] -- Set runtime path of "/home/kareem/ros2_ws/src/install/robot_msgs/lib/librobot_msgs__rosidl_typesupport_cpp.so" to ""
[10.107s] -- Installing: /home/kareem/ros2_ws/src/install/robot_msgs/share/robot_msgs/environment/pythonpath.sh
[10.107s] -- Installing: /home/kareem/ros2_ws/src/install/robot_msgs/share/robot_msgs/environment/pythonpath.dsv
[10.107s] -- Installing: /home/kareem/ros2_ws/src/install/robot_msgs/local/lib/python3.10/dist-packages/robot_msgs-0.0.0-py3.10.egg-info
[10.108s] -- Installing: /home/kareem/ros2_ws/src/install/robot_msgs/local/lib/python3.10/dist-packages/robot_msgs-0.0.0-py3.10.egg-info/dependency_links.txt
[10.108s] -- Installing: /home/kareem/ros2_ws/src/install/robot_msgs/local/lib/python3.10/dist-packages/robot_msgs-0.0.0-py3.10.egg-info/top_level.txt
[10.109s] -- Installing: /home/kareem/ros2_ws/src/install/robot_msgs/local/lib/python3.10/dist-packages/robot_msgs-0.0.0-py3.10.egg-info/PKG-INFO
[10.109s] -- Installing: /home/kareem/ros2_ws/src/install/robot_msgs/local/lib/python3.10/dist-packages/robot_msgs-0.0.0-py3.10.egg-info/SOURCES.txt
[10.110s] -- Installing: /home/kareem/ros2_ws/src/install/robot_msgs/local/lib/python3.10/dist-packages/robot_msgs
[10.110s] -- Installing: /home/kareem/ros2_ws/src/install/robot_msgs/local/lib/python3.10/dist-packages/robot_msgs/robot_msgs_s__rosidl_typesupport_introspection_c.cpython-310-x86_64-linux-gnu.so
[10.110s] -- Installing: /home/kareem/ros2_ws/src/install/robot_msgs/local/lib/python3.10/dist-packages/robot_msgs/_robot_msgs_s.ep.rosidl_typesupport_introspection_c.c
[10.111s] -- Installing: /home/kareem/ros2_ws/src/install/robot_msgs/local/lib/python3.10/dist-packages/robot_msgs/_robot_msgs_s.ep.rosidl_typesupport_c.c
[10.111s] -- Installing: /home/kareem/ros2_ws/src/install/robot_msgs/local/lib/python3.10/dist-packages/robot_msgs/robot_msgs_s__rosidl_typesupport_fastrtps_c.cpython-310-x86_64-linux-gnu.so
[10.113s] -- Installing: /home/kareem/ros2_ws/src/install/robot_msgs/local/lib/python3.10/dist-packages/robot_msgs/srv
[10.113s] -- Installing: /home/kareem/ros2_ws/src/install/robot_msgs/local/lib/python3.10/dist-packages/robot_msgs/srv/_get_transform.py
[10.113s] -- Installing: /home/kareem/ros2_ws/src/install/robot_msgs/local/lib/python3.10/dist-packages/robot_msgs/srv/_get_transform_s.c
[10.113s] -- Installing: /home/kareem/ros2_ws/src/install/robot_msgs/local/lib/python3.10/dist-packages/robot_msgs/srv/__init__.py
[10.113s] -- Installing: /home/kareem/ros2_ws/src/install/robot_msgs/local/lib/python3.10/dist-packages/robot_msgs/robot_msgs_s__rosidl_typesupport_c.cpython-310-x86_64-linux-gnu.so
[10.114s] -- Installing: /home/kareem/ros2_ws/src/install/robot_msgs/local/lib/python3.10/dist-packages/robot_msgs/_robot_msgs_s.ep.rosidl_typesupport_fastrtps_c.c
[10.114s] -- Installing: /home/kareem/ros2_ws/src/install/robot_msgs/local/lib/python3.10/dist-packages/robot_msgs/__init__.py
[10.114s] -- Installing: /home/kareem/ros2_ws/src/install/robot_msgs/local/lib/python3.10/dist-packages/robot_msgs/librobot_msgs__rosidl_generator_py.so
[10.202s] Listing '/home/kareem/ros2_ws/src/install/robot_msgs/local/lib/python3.10/dist-packages/robot_msgs'...
[10.202s] Compiling '/home/kareem/ros2_ws/src/install/robot_msgs/local/lib/python3.10/dist-packages/robot_msgs/__init__.py'...
[10.203s] Listing '/home/kareem/ros2_ws/src/install/robot_msgs/local/lib/python3.10/dist-packages/robot_msgs/srv'...
[10.203s] Compiling '/home/kareem/ros2_ws/src/install/robot_msgs/local/lib/python3.10/dist-packages/robot_msgs/srv/__init__.py'...
[10.203s] Compiling '/home/kareem/ros2_ws/src/install/robot_msgs/local/lib/python3.10/dist-packages/robot_msgs/srv/_get_transform.py'...
[10.213s] -- Installing: /home/kareem/ros2_ws/src/install/robot_msgs/local/lib/python3.10/dist-packages/robot_msgs/robot_msgs_s__rosidl_typesupport_fastrtps_c.cpython-310-x86_64-linux-gnu.so
[10.213s] -- Set runtime path of "/home/kareem/ros2_ws/src/install/robot_msgs/local/lib/python3.10/dist-packages/robot_msgs/robot_msgs_s__rosidl_typesupport_fastrtps_c.cpython-310-x86_64-linux-gnu.so" to ""
[10.214s] -- Installing: /home/kareem/ros2_ws/src/install/robot_msgs/local/lib/python3.10/dist-packages/robot_msgs/robot_msgs_s__rosidl_typesupport_introspection_c.cpython-310-x86_64-linux-gnu.so
[10.214s] -- Set runtime path of "/home/kareem/ros2_ws/src/install/robot_msgs/local/lib/python3.10/dist-packages/robot_msgs/robot_msgs_s__rosidl_typesupport_introspection_c.cpython-310-x86_64-linux-gnu.so" to ""
[10.215s] -- Installing: /home/kareem/ros2_ws/src/install/robot_msgs/local/lib/python3.10/dist-packages/robot_msgs/robot_msgs_s__rosidl_typesupport_c.cpython-310-x86_64-linux-gnu.so
[10.216s] -- Set runtime path of "/home/kareem/ros2_ws/src/install/robot_msgs/local/lib/python3.10/dist-packages/robot_msgs/robot_msgs_s__rosidl_typesupport_c.cpython-310-x86_64-linux-gnu.so" to ""
[10.216s] -- Installing: /home/kareem/ros2_ws/src/install/robot_msgs/lib/librobot_msgs__rosidl_generator_py.so
[10.217s] -- Set runtime path of "/home/kareem/ros2_ws/src/install/robot_msgs/lib/librobot_msgs__rosidl_generator_py.so" to ""
[10.217s] -- Installing: /home/kareem/ros2_ws/src/install/robot_msgs/share/robot_msgs/srv/GetTransform.idl
[10.218s] -- Installing: /home/kareem/ros2_ws/src/install/robot_msgs/share/robot_msgs/srv/GetTransform.srv
[10.218s] -- Installing: /home/kareem/ros2_ws/src/install/robot_msgs/share/robot_msgs/srv/GetTransform_Request.msg
[10.219s] -- Installing: /home/kareem/ros2_ws/src/install/robot_msgs/share/robot_msgs/srv/GetTransform_Response.msg
[10.219s] -- Installing: /home/kareem/ros2_ws/src/install/robot_msgs/share/ament_index/resource_index/package_run_dependencies/robot_msgs
[10.220s] -- Installing: /home/kareem/ros2_ws/src/install/robot_msgs/share/ament_index/resource_index/parent_prefix_path/robot_msgs
[10.220s] -- Installing: /home/kareem/ros2_ws/src/install/robot_msgs/share/robot_msgs/environment/ament_prefix_path.sh
[10.220s] -- Installing: /home/kareem/ros2_ws/src/install/robot_msgs/share/robot_msgs/environment/ament_prefix_path.dsv
[10.221s] -- Installing: /home/kareem/ros2_ws/src/install/robot_msgs/share/robot_msgs/environment/path.sh
[10.221s] -- Installing: /home/kareem/ros2_ws/src/install/robot_msgs/share/robot_msgs/environment/path.dsv
[10.221s] -- Installing: /home/kareem/ros2_ws/src/install/robot_msgs/share/robot_msgs/local_setup.bash
[10.222s] -- Installing: /home/kareem/ros2_ws/src/install/robot_msgs/share/robot_msgs/local_setup.sh
[10.222s] -- Installing: /home/kareem/ros2_ws/src/install/robot_msgs/share/robot_msgs/local_setup.zsh
[10.222s] -- Installing: /home/kareem/ros2_ws/src/install/robot_msgs/share/robot_msgs/local_setup.dsv
[10.223s] -- Installing: /home/kareem/ros2_ws/src/install/robot_msgs/share/robot_msgs/package.dsv
[10.223s] -- Installing: /home/kareem/ros2_ws/src/install/robot_msgs/share/ament_index/resource_index/packages/robot_msgs
[10.224s] -- Installing: /home/kareem/ros2_ws/src/install/robot_msgs/share/robot_msgs/cmake/export_robot_msgs__rosidl_generator_cExport.cmake
[10.224s] -- Installing: /home/kareem/ros2_ws/src/install/robot_msgs/share/robot_msgs/cmake/export_robot_msgs__rosidl_generator_cExport-noconfig.cmake
[10.225s] -- Installing: /home/kareem/ros2_ws/src/install/robot_msgs/share/robot_msgs/cmake/export_robot_msgs__rosidl_typesupport_fastrtps_cExport.cmake
[10.225s] -- Installing: /home/kareem/ros2_ws/src/install/robot_msgs/share/robot_msgs/cmake/export_robot_msgs__rosidl_typesupport_fastrtps_cExport-noconfig.cmake
[10.225s] -- Installing: /home/kareem/ros2_ws/src/install/robot_msgs/share/robot_msgs/cmake/export_robot_msgs__rosidl_generator_cppExport.cmake
[10.226s] -- Installing: /home/kareem/ros2_ws/src/install/robot_msgs/share/robot_msgs/cmake/export_robot_msgs__rosidl_typesupport_fastrtps_cppExport.cmake
[10.226s] -- Installing: /home/kareem/ros2_ws/src/install/robot_msgs/share/robot_msgs/cmake/export_robot_msgs__rosidl_typesupport_fastrtps_cppExport-noconfig.cmake
[10.227s] -- Installing: /home/kareem/ros2_ws/src/install/robot_msgs/share/robot_msgs/cmake/robot_msgs__rosidl_typesupport_introspection_cExport.cmake
[10.227s] -- Installing: /home/kareem/ros2_ws/src/install/robot_msgs/share/robot_msgs/cmake/robot_msgs__rosidl_typesupport_introspection_cExport-noconfig.cmake
[10.227s] -- Installing: /home/kareem/ros2_ws/src/install/robot_msgs/share/robot_msgs/cmake/robot_msgs__rosidl_typesupport_cExport.cmake
[10.228s] -- Installing: /home/kareem/ros2_ws/src/install/robot_msgs/share/robot_msgs/cmake/robot_msgs__rosidl_typesupport_cExport-noconfig.cmake
[10.228s] -- Installing: /home/kareem/ros2_ws/src/install/robot_msgs/share/robot_msgs/cmake/robot_msgs__rosidl_typesupport_introspection_cppExport.cmake
[10.229s] -- Installing: /home/kareem/ros2_ws/src/install/robot_msgs/share/robot_msgs/cmake/robot_msgs__rosidl_typesupport_introspection_cppExport-noconfig.cmake
[10.229s] -- Installing: /home/kareem/ros2_ws/src/install/robot_msgs/share/robot_msgs/cmake/robot_msgs__rosidl_typesupport_cppExport.cmake
[10.230s] -- Installing: /home/kareem/ros2_ws/src/install/robot_msgs/share/robot_msgs/cmake/robot_msgs__rosidl_typesupport_cppExport-noconfig.cmake
[10.233s] -- Installing: /home/kareem/ros2_ws/src/install/robot_msgs/share/robot_msgs/cmake/export_robot_msgs__rosidl_generator_pyExport.cmake
[10.234s] -- Installing: /home/kareem/ros2_ws/src/install/robot_msgs/share/robot_msgs/cmake/export_robot_msgs__rosidl_generator_pyExport-noconfig.cmake
[10.234s] -- Installing: /home/kareem/ros2_ws/src/install/robot_msgs/share/robot_msgs/cmake/rosidl_cmake-extras.cmake
[10.234s] -- Installing: /home/kareem/ros2_ws/src/install/robot_msgs/share/robot_msgs/cmake/ament_cmake_export_dependencies-extras.cmake
[10.234s] -- Installing: /home/kareem/ros2_ws/src/install/robot_msgs/share/robot_msgs/cmake/ament_cmake_export_include_directories-extras.cmake
[10.235s] -- Installing: /home/kareem/ros2_ws/src/install/robot_msgs/share/robot_msgs/cmake/ament_cmake_export_libraries-extras.cmake
[10.235s] -- Installing: /home/kareem/ros2_ws/src/install/robot_msgs/share/robot_msgs/cmake/ament_cmake_export_targets-extras.cmake
[10.235s] -- Installing: /home/kareem/ros2_ws/src/install/robot_msgs/share/robot_msgs/cmake/rosidl_cmake_export_typesupport_targets-extras.cmake
[10.236s] -- Installing: /home/kareem/ros2_ws/src/install/robot_msgs/share/robot_msgs/cmake/rosidl_cmake_export_typesupport_libraries-extras.cmake
[10.236s] -- Installing: /home/kareem/ros2_ws/src/install/robot_msgs/share/robot_msgs/cmake/robot_msgsConfig.cmake
[10.236s] -- Installing: /home/kareem/ros2_ws/src/install/robot_msgs/share/robot_msgs/cmake/robot_msgsConfig-version.cmake
[10.237s] -- Installing: /home/kareem/ros2_ws/src/install/robot_msgs/share/robot_msgs/package.xml
[10.246s] Invoked command in '/home/kareem/ros2_ws/src/build/robot_msgs' returned '0': CMAKE_PREFIX_PATH=${CMAKE_PREFIX_PATH}:/opt/ros/humble /usr/bin/cmake --install /home/kareem/ros2_ws/src/build/robot_msgs
