[0.047s] Invoking command in '/home/kareem/ros2_ws/src/build/robot_control': CMAKE_PREFIX_PATH=${CMAKE_PREFIX_PATH}:/opt/ros/humble /usr/bin/cmake /home/kareem/ros2_ws/src/robot_control -DCMAKE_INSTALL_PREFIX=/home/kareem/ros2_ws/src/install/robot_control
[0.328s] -- The C compiler identification is GNU 11.4.0
[0.551s] -- The CXX compiler identification is GNU 11.4.0
[0.576s] -- Detecting C compiler ABI info
[0.775s] -- Detecting C compiler ABI info - done
[0.793s] -- Check for working C compiler: /usr/bin/cc - skipped
[0.794s] -- Detecting C compile features
[0.794s] -- Detecting C compile features - done
[0.800s] -- Detecting CXX compiler ABI info
[1.127s] -- Detecting CXX compiler ABI info - done
[1.140s] -- Check for working CXX compiler: /usr/bin/c++ - skipped
[1.141s] -- Detecting CXX compile features
[1.142s] -- Detecting CXX compile features - done
[1.166s] -- Found ament_cmake: 1.3.11 (/opt/ros/humble/share/ament_cmake/cmake)
[1.573s] -- Found Python3: /usr/bin/python3 (found version "3.10.12") found components: Interpreter 
[1.855s] -- Found rclpy: 3.3.15 (/opt/ros/humble/share/rclpy/cmake)
[1.859s] -- Found std_msgs: 4.2.4 (/opt/ros/humble/share/std_msgs/cmake)
[2.013s] -- Found rosidl_generator_c: 3.1.6 (/opt/ros/humble/share/rosidl_generator_c/cmake)
[2.037s] -- Found rosidl_adapter: 3.1.6 (/opt/ros/humble/share/rosidl_adapter/cmake)
[2.070s] -- Found rosidl_generator_cpp: 3.1.6 (/opt/ros/humble/share/rosidl_generator_cpp/cmake)
[2.122s] -- Using all available rosidl_typesupport_c: rosidl_typesupport_fastrtps_c;rosidl_typesupport_introspection_c
[2.171s] -- Using all available rosidl_typesupport_cpp: rosidl_typesupport_fastrtps_cpp;rosidl_typesupport_introspection_cpp
[2.263s] -- Found geometry_msgs: 4.2.4 (/opt/ros/humble/share/geometry_msgs/cmake)
[2.333s] -- Found sensor_msgs: 4.2.4 (/opt/ros/humble/share/sensor_msgs/cmake)
[2.419s] -- Found rclcpp: 16.0.11 (/opt/ros/humble/share/rclcpp/cmake)
[2.580s] -- Found rmw_implementation_cmake: 6.1.2 (/opt/ros/humble/share/rmw_implementation_cmake/cmake)
[2.594s] -- Found rmw_fastrtps_cpp: 6.2.7 (/opt/ros/humble/share/rmw_fastrtps_cpp/cmake)
[2.873s] -- Found OpenSSL: /usr/lib/x86_64-linux-gnu/libcrypto.so (found version "3.0.2")  
[2.963s] -- Found FastRTPS: /opt/ros/humble/include  
[3.074s] -- Using RMW implementation 'rmw_fastrtps_cpp' as default
[3.110s] -- Looking for pthread.h
[3.285s] -- Looking for pthread.h - found
[3.285s] -- Performing Test CMAKE_HAVE_LIBC_PTHREAD
[3.451s] -- Performing Test CMAKE_HAVE_LIBC_PTHREAD - Success
[3.451s] -- Found Threads: TRUE  
[3.610s] -- Found ament_lint_auto: 0.12.11 (/opt/ros/humble/share/ament_lint_auto/cmake)
[3.806s] -- Added test 'cppcheck' to perform static code analysis on C / C++ code
[3.807s] -- Configured cppcheck include dirs: /home/kareem/ros2_ws/src/robot_control/include
[3.807s] -- Configured cppcheck exclude dirs and/or files: 
[3.808s] -- Added test 'flake8' to check Python code syntax and style conventions
[3.809s] -- Added test 'lint_cmake' to check CMake code style
[3.810s] -- Added test 'pep257' to check Python code against some of the docstring style conventions in PEP 257
[3.814s] -- Added test 'uncrustify' to check C / C++ code style
[3.815s] -- Configured uncrustify additional arguments: 
[3.816s] -- Added test 'xmllint' to check XML markup files
[3.821s] -- Configuring done
[3.845s] -- Generating done
[3.856s] -- Build files have been written to: /home/kareem/ros2_ws/src/build/robot_control
[3.878s] Invoked command in '/home/kareem/ros2_ws/src/build/robot_control' returned '0': CMAKE_PREFIX_PATH=${CMAKE_PREFIX_PATH}:/opt/ros/humble /usr/bin/cmake /home/kareem/ros2_ws/src/robot_control -DCMAKE_INSTALL_PREFIX=/home/kareem/ros2_ws/src/install/robot_control
[3.881s] Invoking command in '/home/kareem/ros2_ws/src/build/robot_control': CMAKE_PREFIX_PATH=${CMAKE_PREFIX_PATH}:/opt/ros/humble /usr/bin/cmake --build /home/kareem/ros2_ws/src/build/robot_control -- -j16 -l16
[4.014s] [ 50%] [32mBuilding CXX object CMakeFiles/simple_controller.dir/src/simple_controller.cpp.o[0m
[33.461s] [100%] [32m[1mLinking CXX executable simple_controller[0m
[34.731s] [100%] Built target simple_controller
[34.763s] Invoked command in '/home/kareem/ros2_ws/src/build/robot_control' returned '0': CMAKE_PREFIX_PATH=${CMAKE_PREFIX_PATH}:/opt/ros/humble /usr/bin/cmake --build /home/kareem/ros2_ws/src/build/robot_control -- -j16 -l16
[34.766s] Invoking command in '/home/kareem/ros2_ws/src/build/robot_control': CMAKE_PREFIX_PATH=${CMAKE_PREFIX_PATH}:/opt/ros/humble /usr/bin/cmake --install /home/kareem/ros2_ws/src/build/robot_control
[34.784s] -- Install configuration: ""
[34.784s] -- Installing: /home/kareem/ros2_ws/src/install/robot_control/include/include
[34.784s] -- Installing: /home/kareem/ros2_ws/src/install/robot_control/include/include/robot_control
[34.785s] -- Installing: /home/kareem/ros2_ws/src/install/robot_control/include/include/robot_control/simple_controller.hpp
[34.785s] -- Installing: /home/kareem/ros2_ws/src/install/robot_control/share/robot_control/simple_controller
[34.803s] -- Set runtime path of "/home/kareem/ros2_ws/src/install/robot_control/share/robot_control/simple_controller" to ""
[34.804s] -- Installing: /home/kareem/ros2_ws/src/install/robot_control/share/robot_control/config
[34.804s] -- Installing: /home/kareem/ros2_ws/src/install/robot_control/share/robot_control/config/robot_controllers.yaml
[34.809s] -- Installing: /home/kareem/ros2_ws/src/install/robot_control/share/robot_control/launch
[34.810s] -- Installing: /home/kareem/ros2_ws/src/install/robot_control/share/robot_control/launch/controller.launch.py
[34.812s] -- Installing: /home/kareem/ros2_ws/src/install/robot_control/share/ament_index/resource_index/package_run_dependencies/robot_control
[34.813s] -- Installing: /home/kareem/ros2_ws/src/install/robot_control/share/ament_index/resource_index/parent_prefix_path/robot_control
[34.813s] -- Installing: /home/kareem/ros2_ws/src/install/robot_control/share/robot_control/environment/ament_prefix_path.sh
[34.813s] -- Installing: /home/kareem/ros2_ws/src/install/robot_control/share/robot_control/environment/ament_prefix_path.dsv
[34.814s] -- Installing: /home/kareem/ros2_ws/src/install/robot_control/share/robot_control/environment/path.sh
[34.814s] -- Installing: /home/kareem/ros2_ws/src/install/robot_control/share/robot_control/environment/path.dsv
[34.814s] -- Installing: /home/kareem/ros2_ws/src/install/robot_control/share/robot_control/local_setup.bash
[34.815s] -- Installing: /home/kareem/ros2_ws/src/install/robot_control/share/robot_control/local_setup.sh
[34.815s] -- Installing: /home/kareem/ros2_ws/src/install/robot_control/share/robot_control/local_setup.zsh
[34.815s] -- Installing: /home/kareem/ros2_ws/src/install/robot_control/share/robot_control/local_setup.dsv
[34.816s] -- Installing: /home/kareem/ros2_ws/src/install/robot_control/share/robot_control/package.dsv
[34.816s] -- Installing: /home/kareem/ros2_ws/src/install/robot_control/share/ament_index/resource_index/packages/robot_control
[34.817s] -- Installing: /home/kareem/ros2_ws/src/install/robot_control/share/robot_control/cmake/robot_controlConfig.cmake
[34.817s] -- Installing: /home/kareem/ros2_ws/src/install/robot_control/share/robot_control/cmake/robot_controlConfig-version.cmake
[34.820s] -- Installing: /home/kareem/ros2_ws/src/install/robot_control/share/robot_control/package.xml
[34.823s] Invoked command in '/home/kareem/ros2_ws/src/build/robot_control' returned '0': CMAKE_PREFIX_PATH=${CMAKE_PREFIX_PATH}:/opt/ros/humble /usr/bin/cmake --install /home/kareem/ros2_ws/src/build/robot_control
