[0.047s] Invoking command in '/home/kareem/ros2_ws/src/build/robot_description': CMAKE_PREFIX_PATH=${CMAKE_PREFIX_PATH}:/opt/ros/humble /usr/bin/cmake /home/kareem/ros2_ws/src/robot_description -DCMAKE_INSTALL_PREFIX=/home/kareem/ros2_ws/src/install/robot_description
[0.315s] -- The C compiler identification is GNU 11.4.0
[0.542s] -- The CXX compiler identification is GNU 11.4.0
[0.568s] -- Detecting C compiler ABI info
[0.765s] -- Detecting C compiler ABI info - done
[0.781s] -- Check for working C compiler: /usr/bin/cc - skipped
[0.782s] -- Detecting C compile features
[0.782s] -- Detecting C compile features - done
[0.792s] -- Detecting CXX compiler ABI info
[1.118s] -- Detecting CXX compiler ABI info - done
[1.133s] -- Check for working CXX compiler: /usr/bin/c++ - skipped
[1.133s] -- Detecting CXX compile features
[1.134s] -- Detecting CXX compile features - done
[1.158s] -- Found ament_cmake: 1.3.11 (/opt/ros/humble/share/ament_cmake/cmake)
[1.533s] -- Found Python3: /usr/bin/python3 (found version "3.10.12") found components: Interpreter 
[1.847s] -- Found ament_lint_auto: 0.12.11 (/opt/ros/humble/share/ament_lint_auto/cmake)
[2.071s] -- Added test 'flake8' to check Python code syntax and style conventions
[2.072s] -- Added test 'lint_cmake' to check CMake code style
[2.074s] -- Added test 'pep257' to check Python code against some of the docstring style conventions in PEP 257
[2.083s] -- Added test 'xmllint' to check XML markup files
[2.087s] -- Configuring done
[2.096s] -- Generating done
[2.100s] -- Build files have been written to: /home/kareem/ros2_ws/src/build/robot_description
[2.109s] Invoked command in '/home/kareem/ros2_ws/src/build/robot_description' returned '0': CMAKE_PREFIX_PATH=${CMAKE_PREFIX_PATH}:/opt/ros/humble /usr/bin/cmake /home/kareem/ros2_ws/src/robot_description -DCMAKE_INSTALL_PREFIX=/home/kareem/ros2_ws/src/install/robot_description
[2.114s] Invoking command in '/home/kareem/ros2_ws/src/build/robot_description': CMAKE_PREFIX_PATH=${CMAKE_PREFIX_PATH}:/opt/ros/humble /usr/bin/cmake --build /home/kareem/ros2_ws/src/build/robot_description -- -j16 -l16
[2.213s] Invoked command in '/home/kareem/ros2_ws/src/build/robot_description' returned '0': CMAKE_PREFIX_PATH=${CMAKE_PREFIX_PATH}:/opt/ros/humble /usr/bin/cmake --build /home/kareem/ros2_ws/src/build/robot_description -- -j16 -l16
[2.235s] Invoking command in '/home/kareem/ros2_ws/src/build/robot_description': CMAKE_PREFIX_PATH=${CMAKE_PREFIX_PATH}:/opt/ros/humble /usr/bin/cmake --install /home/kareem/ros2_ws/src/build/robot_description
[2.253s] -- Install configuration: ""
[2.253s] -- Installing: /home/kareem/ros2_ws/src/install/robot_description/share/robot_description/meshes
[2.253s] -- Installing: /home/kareem/ros2_ws/src/install/robot_description/share/robot_description/meshes/left_wheel.STL
[2.264s] -- Installing: /home/kareem/ros2_ws/src/install/robot_description/share/robot_description/meshes/base_link.STL
[2.383s] -- Installing: /home/kareem/ros2_ws/src/install/robot_description/share/robot_description/meshes/rear_caster.STL
[2.388s] -- Installing: /home/kareem/ros2_ws/src/install/robot_description/share/robot_description/meshes/front_caster.STL
[2.392s] -- Installing: /home/kareem/ros2_ws/src/install/robot_description/share/robot_description/meshes/right_wheel.STL
[2.404s] -- Installing: /home/kareem/ros2_ws/src/install/robot_description/share/robot_description/meshes/imu_link.STL
[2.407s] -- Installing: /home/kareem/ros2_ws/src/install/robot_description/share/robot_description/models
[2.408s] -- Installing: /home/kareem/ros2_ws/src/install/robot_description/share/robot_description/models/ground_plane
[2.408s] -- Installing: /home/kareem/ros2_ws/src/install/robot_description/share/robot_description/models/ground_plane/model.config
[2.409s] -- Installing: /home/kareem/ros2_ws/src/install/robot_description/share/robot_description/models/ground_plane/model-1_4.sdf
[2.409s] -- Installing: /home/kareem/ros2_ws/src/install/robot_description/share/robot_description/models/ground_plane/model-1_2.sdf
[2.410s] -- Installing: /home/kareem/ros2_ws/src/install/robot_description/share/robot_description/models/ground_plane/model-1_3.sdf
[2.411s] -- Installing: /home/kareem/ros2_ws/src/install/robot_description/share/robot_description/models/ground_plane/model.sdf
[2.412s] -- Installing: /home/kareem/ros2_ws/src/install/robot_description/share/robot_description/models/sun
[2.412s] -- Installing: /home/kareem/ros2_ws/src/install/robot_description/share/robot_description/models/sun/model.config
[2.413s] -- Installing: /home/kareem/ros2_ws/src/install/robot_description/share/robot_description/models/sun/model-1_4.sdf
[2.413s] -- Installing: /home/kareem/ros2_ws/src/install/robot_description/share/robot_description/models/sun/model-1_2.sdf
[2.414s] -- Installing: /home/kareem/ros2_ws/src/install/robot_description/share/robot_description/models/sun/model-1_3.sdf
[2.415s] -- Installing: /home/kareem/ros2_ws/src/install/robot_description/share/robot_description/models/sun/model.sdf
[2.416s] -- Installing: /home/kareem/ros2_ws/src/install/robot_description/share/robot_description/urdf
[2.416s] -- Installing: /home/kareem/ros2_ws/src/install/robot_description/share/robot_description/urdf/robot_ros2_control.xacro
[2.417s] -- Installing: /home/kareem/ros2_ws/src/install/robot_description/share/robot_description/urdf/robot_description.urdf.xacro
[2.417s] -- Installing: /home/kareem/ros2_ws/src/install/robot_description/share/robot_description/urdf/robot_description_gazebo.xacro
[2.418s] -- Installing: /home/kareem/ros2_ws/src/install/robot_description/share/robot_description/rviz
[2.418s] -- Installing: /home/kareem/ros2_ws/src/install/robot_description/share/robot_description/rviz/display.rviz
[2.419s] -- Installing: /home/kareem/ros2_ws/src/install/robot_description/share/robot_description/launch
[2.419s] -- Installing: /home/kareem/ros2_ws/src/install/robot_description/share/robot_description/launch/gazebo.launch.py
[2.420s] -- Installing: /home/kareem/ros2_ws/src/install/robot_description/share/robot_description/launch/display.launch.py
[2.421s] -- Installing: /home/kareem/ros2_ws/src/install/robot_description/share/ament_index/resource_index/package_run_dependencies/robot_description
[2.421s] -- Installing: /home/kareem/ros2_ws/src/install/robot_description/share/ament_index/resource_index/parent_prefix_path/robot_description
[2.422s] -- Installing: /home/kareem/ros2_ws/src/install/robot_description/share/robot_description/environment/ament_prefix_path.sh
[2.423s] -- Installing: /home/kareem/ros2_ws/src/install/robot_description/share/robot_description/environment/ament_prefix_path.dsv
[2.423s] -- Installing: /home/kareem/ros2_ws/src/install/robot_description/share/robot_description/environment/path.sh
[2.423s] -- Installing: /home/kareem/ros2_ws/src/install/robot_description/share/robot_description/environment/path.dsv
[2.424s] -- Installing: /home/kareem/ros2_ws/src/install/robot_description/share/robot_description/local_setup.bash
[2.424s] -- Installing: /home/kareem/ros2_ws/src/install/robot_description/share/robot_description/local_setup.sh
[2.424s] -- Installing: /home/kareem/ros2_ws/src/install/robot_description/share/robot_description/local_setup.zsh
[2.425s] -- Installing: /home/kareem/ros2_ws/src/install/robot_description/share/robot_description/local_setup.dsv
[2.425s] -- Installing: /home/kareem/ros2_ws/src/install/robot_description/share/robot_description/package.dsv
[2.426s] -- Installing: /home/kareem/ros2_ws/src/install/robot_description/share/ament_index/resource_index/packages/robot_description
[2.426s] -- Installing: /home/kareem/ros2_ws/src/install/robot_description/share/robot_description/cmake/robot_descriptionConfig.cmake
[2.426s] -- Installing: /home/kareem/ros2_ws/src/install/robot_description/share/robot_description/cmake/robot_descriptionConfig-version.cmake
[2.427s] -- Installing: /home/kareem/ros2_ws/src/install/robot_description/share/robot_description/package.xml
[2.432s] Invoked command in '/home/kareem/ros2_ws/src/build/robot_description' returned '0': CMAKE_PREFIX_PATH=${CMAKE_PREFIX_PATH}:/opt/ros/humble /usr/bin/cmake --install /home/kareem/ros2_ws/src/build/robot_description
